Loading user config located at: '/home/cvr/anaconda3/envs/lab/lib/python3.11/site-packages/isaacsim/kit/data/Kit/Isaac-Sim/5.1/user.config.json'
[Info] [carb] Logging to file: /home/cvr/anaconda3/envs/lab/lib/python3.11/site-packages/isaacsim/kit/logs/Kit/Isaac-Sim/5.1/kit_20260206_143638.log
[0.035s] [ext: omni.kit.async_engine-0.0.3] startup
[0.103s] [ext: omni.metrics.core-0.0.3] startup
[0.103s] [ext: omni.client.lib-1.1.0] startup
[0.112s] [ext: omni.blobkey-1.1.2] startup
[0.112s] [ext: omni.stats-1.0.1] startup
[0.112s] [ext: omni.datastore-0.0.0] startup
[0.116s] [ext: omni.client-1.3.0] startup
[0.169s] [ext: omni.ujitso.default-1.0.0] startup
[0.170s] [ext: omni.hsscclient-1.1.2] startup
[0.173s] [ext: omni.gpu_foundation.shadercache.vulkan-1.0.0] startup
[0.175s] [ext: omni.assets.plugins-0.0.0] startup
[0.176s] [ext: omni.gpu_foundation-0.0.0] startup
[0.181s] [ext: carb.windowing.plugins-1.0.0] startup
[0.187s] [ext: omni.kit.renderer.init-0.0.0] startup

|---------------------------------------------------------------------------------------------|
| Driver Version: 580.126.09    | Graphics API: Vulkan
|=============================================================================================|
| GPU | Name                             | Active | LDA | GPU Memory | Vendor-ID | LUID       |
|     |                                  |        |     |            | Device-ID | UUID       |
|     |                                  |        |     |            | Bus-ID    |            |
|---------------------------------------------------------------------------------------------|
| 0   | NVIDIA GeForce RTX 4090          | Yes: 0 |     | 24564   MB | 10de      | 0          |
|     |                                  |        |     |            | 2684      | 5a31dd29.. |
|     |                                  |        |     |            | 1         |            |
|=============================================================================================|
| OS: 22.04.5 LTS (Jammy Jellyfish) ubuntu, Version: 22.04.5, Kernel: 6.8.0-90-generic
| XServer Vendor: The X.Org Foundation, XServer Version: 12101004 (1.21.1.4)
| Processor: 13th Gen Intel(R) Core(TM) i7-13700KF
| Bare Metal Cores: 16 | Bare Metal Logical Cores: 32
| Available Cores:  24 
|---------------------------------------------------------------------------------------------|
| Total Memory (MB): 64111 | Free Memory: 41548
| Total Page/Swap (MB): 2047 | Free Page/Swap: 1397
|---------------------------------------------------------------------------------------------|
2026-02-06T05:36:39Z [699ms] [Warning] [gpu.foundation.plugin] CPU performance profile is set to powersave. This profile sets the CPU to the lowest frequency reducing performance.
[0.832s] [ext: omni.materialx.libs-1.0.7] startup
[0.837s] [ext: omni.kit.pipapi-0.0.0] startup
[0.838s] [ext: omni.usd.config-1.0.6] startup
[0.840s] [ext: omni.gpucompute.plugins-0.0.0] startup
[0.840s] [ext: omni.usd.libs-1.0.1] startup
[0.895s] [ext: omni.kit.telemetry-0.5.2] startup
[0.909s] [ext: omni.mdl-56.0.3] startup
[1.002s] [ext: omni.iray.libs-0.0.0] startup
[1.005s] [ext: omni.mdl.neuraylib-0.2.12] startup
[1.006s] [ext: omni.kit.usd.mdl-1.1.5] startup
[1.076s] [ext: omni.kit.pip_archive-0.0.0] startup
[1.076s] [ext: omni.kit.loop-isaac-1.3.7] startup
[1.077s] [ext: omni.kit.test-2.0.1] startup
[1.107s] [ext: omni.appwindow-1.1.10] startup
[1.745s] [ext: omni.kit.renderer.core-1.1.0] startup
[8.671s] [ext: omni.kit.renderer.capture-0.0.0] startup
[8.673s] [ext: omni.kit.renderer.imgui-2.0.5] startup
[8.713s] [ext: omni.ui-2.27.1] startup
[8.719s] [ext: omni.kit.mainwindow-1.0.3] startup
[8.719s] [ext: carb.audio-0.1.0] startup
[8.722s] [ext: omni.uiaudio-1.0.0] startup
[8.722s] [ext: omni.kit.uiapp-0.0.0] startup
[8.722s] [ext: omni.usd.schema.metrics.assembler-107.3.1] startup
[8.724s] [ext: omni.usd.schema.geospatial-0.0.0] startup
[8.725s] [ext: omni.usd.schema.anim-0.0.0] startup
[8.738s] [ext: isaacsim.robot.schema-3.6.0] startup
[8.743s] [ext: omni.usd.schema.physx-107.3.26] startup
[8.765s] [ext: omni.usd.schema.semantics-0.0.0] startup
[8.767s] [ext: omni.usd.schema.audio-0.0.0] startup
[8.769s] [ext: omni.usd.schema.omnigraph-1.0.0] startup
[8.772s] [ext: omni.usd_resolver-1.0.0] startup
[8.775s] [ext: omni.usd.core-1.5.3] startup
[8.776s] [ext: omni.usd.schema.omni_lens_distortion-0.0.0] startup
[8.790s] [ext: omni.usd.schema.omni_sensors-0.0.0] startup
[8.790s] [ext: omni.usd.schema.omniscripting-1.0.0] startup
[8.793s] [ext: omni.kit.window.popup_dialog-2.0.24] startup
[8.796s] [ext: omni.graph.exec-0.9.6] startup
[8.796s] [ext: omni.kit.widget.nucleus_connector-2.0.1] startup
[8.797s] [ext: omni.kit.usd_undo-0.1.8] startup
[8.797s] [ext: omni.kit.exec.core-0.13.4] startup
[8.798s] [ext: omni.kit.actions.core-1.0.0] startup
[8.800s] [ext: omni.resourcemonitor-107.0.1] startup
[8.801s] [ext: omni.activity.core-1.0.3] startup
[8.802s] [ext: omni.timeline-1.0.14] startup
[8.803s] [ext: omni.kit.commands-1.4.10] startup
[8.805s] [ext: usdrt.scenegraph-7.6.1] startup
[8.828s] [ext: omni.kit.audiodeviceenum-1.0.2] startup
[8.829s] [ext: omni.hydra.usdrt_delegate-7.5.1] startup
[8.834s] [ext: omni.hydra.scene_delegate-0.3.4] startup
[8.837s] [ext: omni.usd-1.13.10] startup
[8.852s] [ext: omni.kit.asset_converter-5.0.17] startup
[8.859s] [ext: omni.usd.schema.render_settings.rtx-0.0.0] startup
[8.859s] [ext: omni.index.libs-380600.8087.0] startup
[8.859s] [ext: omni.volume-0.5.2] startup
[8.861s] [ext: omni.ujitso.client-0.0.0] startup
[8.861s] [ext: omni.index-1.0.1] startup
[8.861s] [ext: omni.hydra.rtx.shadercache.vulkan-1.0.0] startup
[8.862s] [ext: omni.hydra.rtx-1.0.0] startup
2026-02-06T05:36:47Z [8,855ms] [Warning] [omni.log] Source: omni.hydra was already registered.
[8.883s] [ext: omni.kit.viewport.legacy_gizmos-1.0.19] startup
[8.884s] [ext: omni.kit.raycast.query-1.1.0] startup
[8.888s] [ext: omni.kit.widget.path_field-2.0.11] startup
[8.888s] [ext: omni.kit.clipboard-1.0.5] startup
[8.889s] [ext: omni.kit.widget.options_menu-1.1.6] startup
[8.890s] [ext: omni.kit.helper.file_utils-0.1.9] startup
[8.891s] [ext: omni.kit.widget.browser_bar-2.0.10] startup
[8.892s] [ext: omni.kit.notification_manager-1.0.10] startup
[8.892s] [ext: omni.kit.menu.core-1.1.2] startup
[8.893s] [ext: omni.kit.widget.options_button-1.0.3] startup
[8.893s] [ext: omni.kit.widget.filebrowser-2.12.3] startup
[8.897s] [ext: omni.kit.viewport.registry-104.0.6] startup
[8.897s] [ext: omni.kit.menu.utils-2.0.5] startup
[8.901s] [ext: omni.kit.widget.context_menu-1.2.5] startup
[8.901s] [ext: omni.kit.usd.layers-2.2.11] startup
[8.906s] [ext: omni.ui.scene-1.11.5] startup
[8.909s] [ext: omni.kit.context_menu-1.8.6] startup
[8.910s] [ext: omni.kit.window.filepicker-2.13.4] startup
[8.918s] [ext: omni.kit.widget.searchable_combobox-1.0.6] startup
[8.918s] [ext: omni.kit.viewport.scene_camera_model-1.0.6] startup
[8.921s] [ext: omni.kit.hydra_texture-1.4.6] startup
[8.923s] [ext: omni.kit.window.file_importer-1.1.18] startup
[8.924s] [ext: omni.kit.widget.settings-1.2.6] startup
[8.926s] [ext: omni.kit.window.drop_support-1.0.5] startup
[8.926s] [ext: omni.kit.widget.viewport-107.1.3] startup
[8.928s] [ext: omni.kit.material.library-2.0.7] startup
[8.931s] [ext: omni.hydra.engine.stats-1.0.3] startup
[8.932s] [ext: omni.kit.window.preferences-1.8.0] startup
[8.935s] [ext: omni.kit.viewport.window-107.2.0] startup
[8.944s] [ext: omni.kit.manipulator.transform-107.0.0] startup
[8.946s] [ext: omni.kvdb-107.3.26] startup
[8.947s] [ext: omni.kit.widget.toolbar-2.0.1] startup
[8.950s] [ext: omni.kit.viewport.utility-1.1.2] startup
[8.950s] [ext: omni.usdphysics-107.3.26] startup
[8.951s] [ext: omni.physx.foundation-107.3.26] startup
[8.952s] [ext: omni.localcache-107.3.26] startup
[8.953s] [ext: omni.convexdecomposition-107.3.26] startup
[8.955s] [ext: omni.kit.manipulator.tool.snap-1.5.13] startup
[8.957s] [ext: omni.kit.manipulator.selector-1.1.3] startup
[8.957s] [ext: omni.physx.cooking-107.3.26] startup
[8.959s] [ext: omni.kit.viewport.manipulator.transform-107.0.4] startup
[8.960s] [ext: omni.physx-107.3.26] startup
[8.966s] [ext: omni.kit.manipulator.viewport-107.0.1] startup
[8.966s] [ext: omni.kit.primitive.mesh-1.0.17] startup
[8.968s] [ext: omni.kit.manipulator.prim.core-107.0.8] startup
[8.971s] [ext: omni.fabric.commands-1.1.6] startup
[8.973s] [ext: omni.kit.manipulator.prim.usd-107.0.3] startup
[8.973s] [ext: omni.kit.manipulator.prim.fabric-107.0.4] startup
[8.974s] [ext: omni.debugdraw-0.1.4] startup
[8.976s] [ext: omni.physx.commands-107.3.26] startup
[8.979s] [ext: omni.kit.manipulator.selection-106.0.1] startup
[8.980s] [ext: omni.kit.manipulator.prim-107.0.0] startup
[8.980s] [ext: omni.physics.tensors-107.3.26] startup
[8.982s] [ext: omni.kit.property.adapter.core-1.0.2] startup
[8.984s] [ext: omni.kit.widget.highlight_label-1.0.3] startup
[8.984s] [ext: omni.kit.widget.searchfield-1.1.8] startup
[8.985s] [ext: omni.kit.property.adapter.fabric-1.0.3] startup
[8.985s] [ext: omni.kit.widget.filter-1.1.4] startup
[8.985s] [ext: omni.kit.widget.prompt-1.0.7] startup
[8.986s] [ext: omni.kit.window.property-1.12.1] startup
[8.987s] [ext: omni.kit.property.adapter.usd-1.0.2] startup
[8.988s] [ext: omni.kit.hotkeys.core-1.3.10] startup
[8.989s] [ext: omni.kit.window.file_exporter-1.0.33] startup
[8.989s] [ext: omni.kit.stage_template.core-1.1.22] startup
[8.990s] [ext: omni.kit.viewport.menubar.core-107.2.1] startup
[8.997s] [ext: omni.kit.viewport.actions-107.0.2] startup
[9.000s] [ext: omni.kit.window.file-2.0.5] startup
[9.002s] [ext: omni.kit.window.content_browser_registry-0.0.6] startup
[9.002s] [ext: omni.kit.viewport.menubar.display-107.0.3] startup
[9.003s] [ext: omni.kit.window.content_browser-3.1.3] startup
[9.009s] [ext: omni.kit.widget.stage-3.1.4] startup
[9.016s] [ext: omni.inspect-1.0.2] startup
[9.016s] [ext: omni.kit.widget.layers-1.8.6] startup
[9.023s] [ext: omni.kit.property.usd-4.5.12] startup
[9.029s] [ext: omni.kit.numpy.common-0.1.3] startup
[9.030s] [ext: omni.physics-107.3.26] startup
[9.032s] [ext: omni.graph.core-2.184.5] startup
[9.033s] [ext: omni.usdphysics.ui-107.3.26] startup
[9.049s] [ext: omni.physics.stageupdate-107.3.26] startup
[9.050s] [ext: isaacsim.core.deprecation_manager-0.2.7] startup
[9.051s] [ext: omni.physx.ui-107.3.26] startup
[9.069s] [ext: isaacsim.core.version-2.0.6] startup
[9.069s] [ext: omni.usd.metrics.assembler-107.3.1] startup
[9.073s] [ext: omni.warp.core-1.8.2] startup
[9.188s] [ext: omni.ui_query-1.1.8] startup
[9.188s] [ext: omni.physics.physx-107.3.26] startup
2026-02-06T05:36:47Z [9,172ms] [Warning] [carb] Acquiring non optional plugin interface which is not listed as dependency: [omni::physx::IPhysxBenchmarks v1.0] (plugin: <default plugin>), by client: omni.physics.physx.plugin. Add it to CARB_PLUGIN_IMPL_DEPS() macro of a client.
[9.190s] [ext: isaacsim.storage.native-1.5.1] startup
[9.190s] [ext: omni.usd.metrics.assembler.physics-107.3.26] startup
[9.191s] [ext: omni.isaac.dynamic_control-2.0.7] startup
2026-02-06T05:36:47Z [9,177ms] [Warning] [omni.isaac.dynamic_control] omni.isaac.dynamic_control is deprecated as of Isaac Sim 4.5. No action is needed from end-users.
[9.195s] [ext: omni.graph.tools-1.79.2] startup
[9.207s] [ext: omni.physx.tensors-107.3.26] startup
[9.210s] [ext: isaacsim.core.utils-3.5.1] startup
[9.212s] [ext: omni.graph-1.141.2] startup
[9.236s] [ext: isaacsim.core.simulation_manager-1.4.4] startup
[10.530s] [ext: omni.graph.action_core-1.1.7] startup
[10.532s] [ext: omni.kit.stage_templates-2.0.0] startup
[10.534s] [ext: isaacsim.core.prims-0.6.1] startup
[10.550s] [ext: omni.graph.action_nodes-1.50.4] startup
[10.552s] [ext: isaacsim.core.api-4.8.0] startup
[10.563s] [ext: omni.graph.action-1.130.0] startup
[10.566s] [ext: omni.kit.widget.stage_icons-1.0.8] startup
[10.567s] [ext: omni.kit.selection-0.1.6] startup
[10.568s] [ext: omni.kit.window.stage-2.6.1] startup
[10.571s] [ext: omni.kit.menu.create-2.0.1] startup
[10.573s] [ext: omni.kit.widget.text_editor-1.1.1] startup
[10.574s] [ext: omni.kit.ui_test-1.3.7] startup
[10.577s] [ext: omni.kit.scripting-107.3.2] startup
[10.590s] [ext: omni.kit.window.extensions-1.4.27] startup
[10.595s] [ext: omni.graph.visualization.nodes-2.1.3] startup
[10.600s] [ext: isaacsim.replicator.behavior-1.1.16] startup
[10.601s] [ext: isaacsim.gui.components-1.2.1] startup
[10.605s] [ext: isaacsim.gui.menu-2.4.4] startup
[10.613s] [ext: isaacsim.core.cloner-1.4.10] startup
[10.615s] [ext: semantics.schema.editor-2.0.2] startup
2026-02-06T05:36:49Z [10,602ms] [Warning] [pxr.Semantics] pxr.Semantics is deprecated - please use Semantics instead
[10.621s] [ext: omni.kit.widget.zoombar-1.0.6] startup
[10.621s] [ext: omni.kit.usd.collect-2.4.5] startup
[10.623s] [ext: omni.kit.browser.core-2.3.13] startup
[10.625s] [ext: omni.kit.menu.stage-1.2.7] startup
[10.626s] [ext: omni.kit.tool.collect-2.2.18] startup
[10.628s] [ext: omni.kit.browser.folder.core-1.10.9] startup
[10.631s] [ext: isaacsim.core.experimental.utils-0.3.0] startup
[10.632s] [ext: isaacsim.asset.browser-1.3.23] startup
[10.670s] [ext: omni.kit.widget.graph-2.0.0] startup
[10.674s] [ext: omni.graph.image.core-0.6.1] startup
[10.674s] [ext: omni.kit.graph.delegate.default-1.2.3] startup
[10.675s] [ext: omni.graph.image.nodes-1.3.1] startup
[10.675s] [ext: omni.kit.graph.editor.core-1.5.3] startup
[10.677s] [ext: omni.graph.nodes-1.170.10] startup
[10.683s] [ext: omni.graph.ui_nodes-1.50.5] startup
[10.685s] [ext: omni.kit.graph.usd.commands-1.3.1] startup
[10.686s] [ext: omni.kit.widget.material_preview-1.0.16] startup
[10.688s] [ext: omni.videoencoding-0.1.2] startup
[10.690s] [ext: omni.kit.stagerecorder.core-107.0.3] startup
[10.693s] [ext: omni.warp-1.8.2] startup
[10.696s] [ext: omni.syntheticdata-0.6.13] startup
[10.745s] [ext: omni.kit.window.material_graph-1.9.1] startup
[10.766s] [ext: omni.graph.scriptnode-1.50.0] startup
[10.768s] [ext: omni.kit.stagerecorder.ui-107.0.1] startup
[10.776s] [ext: omni.replicator.core-1.12.27] startup
2026-02-06T05:36:49Z [10,841ms] [Warning] [omni.graph.core.plugin] Found duplicate of category 'Replicator' - was 'Annotators', adding 'Fabric Reader'
2026-02-06T05:36:49Z [10,841ms] [Warning] [omni.graph.core.plugin] Category 'Replicator' not accepted on node type 'omni.replicator.core.FabricReader' in extension 'omni.replicator.core'
2026-02-06T05:36:49Z [10,841ms] [Warning] [omni.replicator.core.scripts.extension] No material configuration file, adding configuration to material settings directly.
[10.863s] [ext: omni.kit.stagerecorder.bundle-105.0.2] startup
[10.865s] [ext: isaacsim.core.nodes-3.4.3] startup
[10.870s] [ext: isaacsim.test.docstring-1.1.0] startup
[10.876s] [ext: isaacsim.sensors.camera-1.3.6] startup
[10.886s] [ext: isaacsim.core.experimental.prims-0.8.1] startup
[10.916s] [ext: omni.kit.usdz_export-1.0.9] startup
[10.922s] [ext: isaacsim.robot.surface_gripper-3.3.1] startup
[10.927s] [ext: isaacsim.sensors.physics-0.4.3] startup
[10.933s] [ext: omni.kit.tool.asset_importer-4.3.2] startup
[10.953s] [ext: isaacsim.robot.manipulators-3.3.6] startup
[10.963s] [ext: isaacsim.robot.policy.examples-4.1.11] startup
[10.970s] [ext: omni.sensors.nv.common-3.0.0] startup
[10.983s] [ext: isaacsim.asset.importer.mjcf-2.5.13] startup
[11.038s] [ext: isaacsim.util.debug_draw-3.1.0] startup
[11.040s] [ext: omni.sensors.nv.materials-2.0.0] startup
[11.045s] [ext: omni.sensors.net-1.0.0] startup
[11.048s] [ext: isaacsim.sensors.physx-2.3.2] startup
[11.055s] [ext: isaacsim.examples.browser-0.2.1] startup
[11.125s] [ext: isaacsim.asset.importer.urdf-2.4.31] startup
[11.339s] [ext: isaacsim.simulation_app-2.12.2] startup
[11.340s] [ext: omni.sensors.nv.ids-2.0.0] startup
[11.355s] [ext: omni.sensors.nv.lidar-3.0.0] startup
[11.359s] [ext: omni.kit.property.audio-1.0.16] startup
[11.360s] [ext: omni.kit.property.camera-1.0.10] startup
[11.362s] [ext: omni.kit.property.geometry-2.0.4] startup
[11.364s] [ext: omni.hydra.scene_api-0.1.2] startup
[11.367s] [ext: omni.sensors.nv.wpm-3.0.0] startup
[11.368s] [ext: omni.kit.property.light-1.0.12] startup
[11.374s] [ext: omni.kit.property.material-1.11.9] startup
[11.378s] [ext: omni.kit.property.render-1.2.1] startup
[11.380s] [ext: omni.kit.property.transform-1.5.13] startup
[11.382s] [ext: omni.sensors.nv.radar-3.0.0] startup
[11.385s] [ext: omni.anim.curve.core-1.3.1] startup
[11.391s] [ext: omni.kit.manipulator.camera-106.0.4] startup
[11.394s] [ext: isaacsim.gui.property-1.1.3] startup
[11.395s] [ext: omni.kit.property.bundle-1.4.1] startup
[11.397s] [ext: isaacsim.sensors.rtx-15.8.4] startup
[11.401s] [ext: omni.kit.viewport.menubar.camera-107.0.6] startup
[11.409s] [ext: omni.kit.viewport.menubar.lighting-107.3.1] startup
[11.410s] [ext: omni.kit.viewport.menubar.render-107.0.10] startup
[11.412s] [ext: omni.kit.viewport.menubar.settings-107.0.3] startup
[11.415s] [ext: omni.kit.window.script_editor-2.0.1] startup
[11.416s] [ext: omni.kit.window.console-1.1.4] startup
[11.419s] [ext: isaacsim.robot.wheeled_robots-4.0.24] startup
[11.422s] [ext: omni.physx.demos-107.3.26] startup
[11.446s] [ext: omni.kit.property.physx-107.3.26] startup
[11.460s] [ext: omni.rtx.window.settings-0.6.19] startup
[11.464s] [ext: omni.ocio-0.1.1] startup
[11.466s] [ext: omni.asset_validator.core-1.1.6] startup
[11.494s] [ext: omni.physx.vehicle-107.3.26] startup
[11.505s] [ext: omni.replicator.replicator_yaml-2.0.11] startup
[11.515s] [ext: omni.rtx.settings.core-0.6.5] startup
[11.519s] [ext: omni.kit.window.toolbar-2.0.0] startup
[11.523s] [ext: omni.kit.window.status_bar-0.1.9] startup
[11.525s] [ext: omni.physx.asset_validator-107.3.26] startup
[11.529s] [ext: omni.physx.camera-107.3.26] startup
[11.535s] [ext: omni.physx.cct-107.3.26] startup
[11.541s] [ext: omni.physx.graph-107.3.26] startup
[11.552s] [ext: omni.physx.supportui-107.3.26] startup
[11.561s] [ext: omni.physx.telemetry-107.3.26] startup
[11.563s] [ext: omni.usd.metrics.assembler.ui-107.3.1] startup
[11.572s] [ext: isaacsim.app.about-2.0.11] startup
[11.573s] [ext: isaacsim.core.throttling-2.2.2] startup
[11.574s] [ext: omni.kit.ui.actions-1.0.5] startup
[11.576s] [ext: semantics.schema.property-2.0.1] startup
[11.577s] [ext: omni.physx.bundle-107.3.26] startup
[11.577s] [ext: isaaclab-0.53.1] startup
[11.696s] [ext: isaaclab_assets-0.2.4] startup
[11.867s] [ext: isaaclab_tasks-0.11.12] startup
[11.981s] [ext: omni.kit.menu.common-2.0.1] startup
[11.982s] [ext: isaaclab_rl-0.4.7] startup
[11.982s] [ext: isaaclab_mimic-1.0.16] startup
[11.983s] [ext: isaaclab.python-2.3.0] startup
[11.984s] Simulation App Starting
2026-02-06T05:36:50Z [12,104ms] [Warning] [omni.fabric.plugin] Warning: attribute viewportHandle not found for bucket id 9

[12.198s] app ready
[INFO][AppLauncher]: Using device: cuda:0
[INFO][AppLauncher]: Loading experience file: /home/cvr/Desktop/sj/IsaacLab/apps/isaaclab.python.kit
[INFO]: Parsing configuration from: isaaclab_tasks.manager_based.locomotion.velocity.config.go2.rough_env_cfg:UnitreeGo2RoughEnvCfg_PLAY
[INFO] Disabled random command resampling.

[36m======================================================================================[0m
[36m[1m[INFO][IsaacLab]: Logging to file: /tmp/isaaclab/logs/isaaclab_2026-02-06_14-36-53.log[0m
[36m======================================================================================[0m

[33m14:36:53 [simulation_context.py] WARNING: The `enable_external_forces_every_iteration` parameter in the PhysxCfg is set to False. If you are experiencing noisy velocities, consider enabling this flag. You may need to slightly increase the number of velocity iterations (setting it to 1 or 2 rather than 0), together with this flag, to improve the accuracy of velocity updates.[0m
[14.053s] Simulation App Startup Complete
2026-02-06T05:36:53Z [14,857ms] [Warning] [isaaclab.envs.manager_based_env] Seed not set for the environment. The environment creation may not be deterministic.
[14.884s] [ext: omni.physx.fabric-107.3.26] startup
2026-02-06T05:36:56Z [17,728ms] [Warning] [omni.hydra] Mesh '/__Prototype_9249459249493537703/mesh_0' has corrupted data in primvar 'st': buffer size 6270 doesn't match expected size 25806 in faceVarying primvars
2026-02-06T05:36:56Z [17,728ms] [Warning] [omni.hydra] Mesh '/__Prototype_11920163974880798964/mesh_0' has corrupted data in primvar 'st': buffer size 6270 doesn't match expected size 25806 in faceVarying primvars
2026-02-06T05:36:56Z [17,728ms] [Warning] [omni.hydra] Mesh '/__Prototype_9249459249493537703/mesh_0' has corrupted data in primvar 'st_1': buffer size 19536 doesn't match expected size 25806 in faceVarying primvars
2026-02-06T05:36:56Z [17,728ms] [Warning] [omni.hydra] Mesh '/__Prototype_11920163974880798964/mesh_0' has corrupted data in primvar 'st_1': buffer size 19536 doesn't match expected size 25806 in faceVarying primvars
2026-02-06T05:36:56Z [17,728ms] [Warning] [omni.hydra] Mesh '/__Prototype_13322334623641367634/mesh_0' has corrupted data in primvar 'st': buffer size 35124 doesn't match expected size 90402 in faceVarying primvars
2026-02-06T05:36:56Z [17,728ms] [Warning] [omni.hydra] Mesh '/__Prototype_17657579462717289149/mesh_0' has corrupted data in primvar 'st': buffer size 56922 doesn't match expected size 111120 in faceVarying primvars
2026-02-06T05:36:56Z [17,728ms] [Warning] [omni.hydra] Mesh '/__Prototype_4988299400318642876/mesh_0' has corrupted data in primvar 'st': buffer size 6270 doesn't match expected size 25806 in faceVarying primvars
2026-02-06T05:36:56Z [17,728ms] [Warning] [omni.hydra] Mesh '/__Prototype_13322334623641367634/mesh_0' has corrupted data in primvar 'st_1': buffer size 55278 doesn't match expected size 90402 in faceVarying primvars
2026-02-06T05:36:56Z [17,728ms] [Warning] [omni.hydra] Mesh '/__Prototype_17365619108587152245/mesh_0' has corrupted data in primvar 'st': buffer size 35124 doesn't match expected size 90378 in faceVarying primvars
2026-02-06T05:36:56Z [17,728ms] [Warning] [omni.hydra] Mesh '/__Prototype_17657579462717289149/mesh_0' has corrupted data in primvar 'st_1': buffer size 54198 doesn't match expected size 111120 in faceVarying primvars
2026-02-06T05:36:56Z [17,728ms] [Warning] [omni.hydra] Mesh '/__Prototype_7677181754714936218/mesh_0' has corrupted data in primvar 'st': buffer size 56922 doesn't match expected size 111120 in faceVarying primvars
2026-02-06T05:36:56Z [17,728ms] [Warning] [omni.hydra] Mesh '/__Prototype_3472759832488839835/mesh_0' has corrupted data in primvar 'st': buffer size 56922 doesn't match expected size 111120 in faceVarying primvars
2026-02-06T05:36:56Z [17,728ms] [Warning] [omni.hydra] Mesh '/__Prototype_4988299400318642876/mesh_0' has corrupted data in primvar 'st_1': buffer size 19536 doesn't match expected size 25806 in faceVarying primvars
2026-02-06T05:36:56Z [17,728ms] [Warning] [omni.hydra] Mesh '/__Prototype_17365619108587152245/mesh_0' has corrupted data in primvar 'st_1': buffer size 55254 doesn't match expected size 90378 in faceVarying primvars
2026-02-06T05:36:56Z [17,728ms] [Warning] [omni.hydra] Mesh '/__Prototype_7677181754714936218/mesh_0' has corrupted data in primvar 'st_1': buffer size 54198 doesn't match expected size 111120 in faceVarying primvars
2026-02-06T05:36:56Z [17,728ms] [Warning] [omni.hydra] Mesh '/__Prototype_3472759832488839835/mesh_0' has corrupted data in primvar 'st_1': buffer size 54198 doesn't match expected size 111120 in faceVarying primvars
2026-02-06T05:36:56Z [17,728ms] [Warning] [omni.hydra] Mesh '/__Prototype_422667710062656741/mesh_0' has corrupted data in primvar 'st': buffer size 6270 doesn't match expected size 25806 in faceVarying primvars
2026-02-06T05:36:56Z [17,728ms] [Warning] [omni.hydra] Mesh '/__Prototype_5020945076074816532/mesh_0' has corrupted data in primvar 'st': buffer size 35124 doesn't match expected size 90402 in faceVarying primvars
2026-02-06T05:36:56Z [17,728ms] [Warning] [omni.hydra] Mesh '/__Prototype_17658574861032171226/mesh_0' has corrupted data in primvar 'st': buffer size 56922 doesn't match expected size 111120 in faceVarying primvars
2026-02-06T05:36:56Z [17,728ms] [Warning] [omni.hydra] Mesh '/__Prototype_422667710062656741/mesh_0' has corrupted data in primvar 'st_1': buffer size 19536 doesn't match expected size 25806 in faceVarying primvars
2026-02-06T05:36:56Z [17,728ms] [Warning] [omni.hydra] Mesh '/__Prototype_5020945076074816532/mesh_0' has corrupted data in primvar 'st_1': buffer size 55278 doesn't match expected size 90402 in faceVarying primvars
2026-02-06T05:36:56Z [17,728ms] [Warning] [omni.hydra] Mesh '/__Prototype_17658574861032171226/mesh_0' has corrupted data in primvar 'st_1': buffer size 54198 doesn't match expected size 111120 in faceVarying primvars
2026-02-06T05:36:56Z [17,728ms] [Warning] [omni.hydra] Mesh '/__Prototype_9361768168784622320/mesh_0' has corrupted data in primvar 'st': buffer size 35124 doesn't match expected size 90378 in faceVarying primvars
2026-02-06T05:36:56Z [17,728ms] [Warning] [omni.hydra] Mesh '/__Prototype_9361768168784622320/mesh_0' has corrupted data in primvar 'st_1': buffer size 55254 doesn't match expected size 90378 in faceVarying primvars
2026-02-06T05:36:56Z [17,729ms] [Warning] [omni.hydra] Mesh '/__Prototype_13474969840495255918/mesh_0' has corrupted data in primvar 'st': buffer size 178533 doesn't match expected size 233784 in faceVarying primvars
2026-02-06T05:36:56Z [17,729ms] [Warning] [omni.hydra] Mesh '/__Prototype_13474969840495255918/mesh_0' has corrupted data in primvar 'st_4': buffer size 30390 doesn't match expected size 233784 in faceVarying primvars
2026-02-06T05:36:56Z [17,729ms] [Warning] [omni.hydra] Mesh '/__Prototype_13474969840495255918/mesh_0' has corrupted data in primvar 'st_3': buffer size 11886 doesn't match expected size 233784 in faceVarying primvars
2026-02-06T05:36:56Z [17,729ms] [Warning] [omni.hydra] Mesh '/__Prototype_13474969840495255918/mesh_0' has corrupted data in primvar 'st_2': buffer size 6015 doesn't match expected size 233784 in faceVarying primvars
2026-02-06T05:36:56Z [17,729ms] [Warning] [omni.hydra] Mesh '/__Prototype_13474969840495255918/mesh_0' has corrupted data in primvar 'st_1': buffer size 6960 doesn't match expected size 233784 in faceVarying primvars
2026-02-06T05:37:00Z [21,820ms] [Warning] [carb] Client gpu.foundation.plugin has acquired [gpu::unstable::IMemoryBudgetManagerFactory v0.1] 100 times. Consider accessing this interface with carb::getCachedInterface() (Performance warning)
[32.926s] Simulation App Shutting Down
