[Info] [carb] Logging to file: /home/cvr/anaconda3/envs/lab/lib/python3.11/site-packages/isaacsim/kit/logs/Kit/Isaac-Sim Python/5.1/kit_20260206_134355.log
[0.029s] [ext: omni.kit.async_engine-0.0.3] startup
[0.078s] [ext: omni.metrics.core-0.0.3] startup
[0.079s] [ext: omni.client.lib-1.1.0] startup
[0.087s] [ext: omni.blobkey-1.1.2] startup
[0.087s] [ext: omni.stats-1.0.1] startup
[0.088s] [ext: omni.datastore-0.0.0] startup
[0.091s] [ext: omni.client-1.3.0] startup
[0.144s] [ext: omni.ujitso.default-1.0.0] startup
[0.146s] [ext: omni.hsscclient-1.1.2] startup
[0.148s] [ext: omni.gpu_foundation.shadercache.vulkan-1.0.0] startup
[0.150s] [ext: omni.assets.plugins-0.0.0] startup
[0.151s] [ext: omni.gpu_foundation-0.0.0] startup
[0.156s] [ext: carb.windowing.plugins-1.0.0] startup
[0.160s] [ext: omni.kit.renderer.init-0.0.0] startup

|---------------------------------------------------------------------------------------------|
| Driver Version: 580.126.09    | Graphics API: Vulkan
|=============================================================================================|
| GPU | Name                             | Active | LDA | GPU Memory | Vendor-ID | LUID       |
|     |                                  |        |     |            | Device-ID | UUID       |
|     |                                  |        |     |            | Bus-ID    |            |
|---------------------------------------------------------------------------------------------|
| 0   | NVIDIA GeForce RTX 4090          | Yes: 0 |     | 24564   MB | 10de      | 0          |
|     |                                  |        |     |            | 2684      | 5a31dd29.. |
|     |                                  |        |     |            | 1         |            |
|=============================================================================================|
| OS: 22.04.5 LTS (Jammy Jellyfish) ubuntu, Version: 22.04.5, Kernel: 6.8.0-90-generic
| XServer Vendor: The X.Org Foundation, XServer Version: 12101004 (1.21.1.4)
| Processor: 13th Gen Intel(R) Core(TM) i7-13700KF
| Bare Metal Cores: 16 | Bare Metal Logical Cores: 32
| Available Cores:  24 
|---------------------------------------------------------------------------------------------|
| Total Memory (MB): 64111 | Free Memory: 41734
| Total Page/Swap (MB): 2047 | Free Page/Swap: 1305
|---------------------------------------------------------------------------------------------|
2026-02-06T04:43:55Z [651ms] [Warning] [gpu.foundation.plugin] CPU performance profile is set to powersave. This profile sets the CPU to the lowest frequency reducing performance.
[0.774s] [ext: omni.materialx.libs-1.0.7] startup
[0.779s] [ext: omni.kit.telemetry-0.5.2] startup
[0.793s] [ext: omni.usd.config-1.0.6] startup
[0.795s] [ext: omni.gpucompute.plugins-0.0.0] startup
[0.796s] [ext: omni.usd.libs-1.0.1] startup
[0.851s] [ext: omni.kit.loop-isaac-1.3.7] startup
[0.852s] [ext: omni.kit.test-2.0.1] startup
[0.884s] [ext: omni.mdl-56.0.3] startup
[0.937s] [ext: omni.iray.libs-0.0.0] startup
[0.941s] [ext: omni.mdl.neuraylib-0.2.12] startup
[0.943s] [ext: omni.kit.usd.mdl-1.1.5] startup
[1.010s] [ext: omni.kit.pipapi-0.0.0] startup
[1.011s] [ext: omni.appwindow-1.1.10] startup
[1.639s] [ext: omni.kit.renderer.core-1.1.0] startup
[8.551s] [ext: omni.kit.renderer.capture-0.0.0] startup
[8.553s] [ext: omni.kit.renderer.imgui-2.0.5] startup
[8.591s] [ext: omni.ui-2.27.1] startup
[8.597s] [ext: omni.kit.mainwindow-1.0.3] startup
[8.598s] [ext: carb.audio-0.1.0] startup
[8.600s] [ext: omni.uiaudio-1.0.0] startup
[8.601s] [ext: omni.kit.uiapp-0.0.0] startup
[8.601s] [ext: omni.usd.schema.metrics.assembler-107.3.1] startup
[8.602s] [ext: omni.usd.schema.physx-107.3.26] startup
[8.623s] [ext: omni.usd.schema.geospatial-0.0.0] startup
[8.625s] [ext: omni.usd.schema.audio-0.0.0] startup
[8.627s] [ext: omni.usd.schema.anim-0.0.0] startup
[8.640s] [ext: omni.usd.schema.flow-107.1.1] startup
[8.640s] [ext: omni.usd_resolver-1.0.0] startup
[8.643s] [ext: omni.usd.core-1.5.3] startup
[8.644s] [ext: omni.usd.schema.omni_sensors-0.0.0] startup
[8.658s] [ext: omni.usd.schema.semantics-0.0.0] startup
[8.660s] [ext: omni.usd.schema.omniscripting-1.0.0] startup
[8.663s] [ext: omni.usd.schema.omni_lens_distortion-0.0.0] startup
[8.663s] [ext: omni.usd.schema.omnigraph-1.0.0] startup
[8.667s] [ext: omni.kit.window.popup_dialog-2.0.24] startup
[8.669s] [ext: omni.graph.exec-0.9.6] startup
[8.669s] [ext: omni.kit.widget.nucleus_connector-2.0.1] startup
[8.670s] [ext: omni.kit.usd_undo-0.1.8] startup
[8.670s] [ext: omni.kit.exec.core-0.13.4] startup
[8.671s] [ext: omni.kit.actions.core-1.0.0] startup
[8.673s] [ext: omni.resourcemonitor-107.0.1] startup
[8.674s] [ext: omni.activity.core-1.0.3] startup
[8.675s] [ext: omni.timeline-1.0.14] startup
[8.676s] [ext: omni.kit.commands-1.4.10] startup
[8.677s] [ext: usdrt.scenegraph-7.6.1] startup
[8.700s] [ext: omni.kit.audiodeviceenum-1.0.2] startup
[8.701s] [ext: omni.hydra.usdrt_delegate-7.5.1] startup
[8.705s] [ext: omni.hydra.scene_delegate-0.3.4] startup
[8.708s] [ext: omni.usd-1.13.10] startup
[8.721s] [ext: omni.inspect-1.0.2] startup
[8.722s] [ext: omni.kit.notification_manager-1.0.10] startup
[8.723s] [ext: omni.graph.core-2.184.5] startup
[8.725s] [ext: isaacsim.core.deprecation_manager-0.2.7] startup
[8.725s] [ext: omni.anim.graph.schema-107.3.3] startup
[8.729s] [ext: omni.usd.schema.isaac-3.0.5] startup
[8.729s] [ext: omni.anim.navigation.schema-107.3.3] startup
[8.731s] [ext: omni.kit.asset_converter-5.0.17] startup
[8.738s] [ext: isaacsim.robot.schema-3.6.0] startup
[8.743s] [ext: omni.usd.schema.render_settings.rtx-0.0.0] startup
[8.744s] [ext: omni.kit.menu.core-1.1.2] startup
[8.744s] [ext: omni.kit.widget.path_field-2.0.11] startup
[8.744s] [ext: omni.kit.widget.context_menu-1.2.5] startup
[8.745s] [ext: omni.kit.widget.browser_bar-2.0.10] startup
[8.745s] [ext: omni.kit.clipboard-1.0.5] startup
[8.746s] [ext: omni.kit.numpy.common-0.1.3] startup
[8.747s] [ext: omni.kit.widget.options_menu-1.1.6] startup
[8.748s] [ext: omni.kit.helper.file_utils-0.1.9] startup
[8.749s] [ext: omni.ui.scene-1.11.5] startup
[8.752s] [ext: omni.kit.widget.options_button-1.0.3] startup
[8.752s] [ext: omni.kit.widget.filebrowser-2.12.3] startup
[8.755s] [ext: omni.kit.usd.layers-2.2.11] startup
[8.760s] [ext: omni.kit.window.filepicker-2.13.4] startup
[8.768s] [ext: omni.kit.hotkeys.core-1.3.10] startup
[8.770s] [ext: omni.kit.context_menu-1.8.6] startup
[8.771s] [ext: omni.kit.property.adapter.core-1.0.2] startup
[8.772s] [ext: omni.kit.window.file_exporter-1.0.33] startup
[8.773s] [ext: omni.kit.widget.searchfield-1.1.8] startup
[8.774s] [ext: omni.kit.widget.filter-1.1.4] startup
[8.774s] [ext: omni.kit.widget.graph-2.0.0] startup
[8.777s] [ext: omni.kit.widget.stage-3.1.4] startup
[8.784s] [ext: omni.kit.property.adapter.usd-1.0.2] startup
[8.784s] [ext: omni.kit.property.adapter.fabric-1.0.3] startup
[8.785s] [ext: omni.kit.graph.delegate.default-1.2.3] startup
[8.785s] [ext: omni.kit.window.file_importer-1.1.18] startup
[8.785s] [ext: omni.kit.stage_template.core-1.1.22] startup
[8.786s] [ext: omni.kit.menu.utils-2.0.5] startup
[8.789s] [ext: omni.kit.window.file-2.0.5] startup
[8.790s] [ext: omni.kit.widget.highlight_label-1.0.3] startup
[8.790s] [ext: omni.kit.window.drop_support-1.0.5] startup
[8.791s] [ext: omni.kit.window.content_browser_registry-0.0.6] startup
[8.791s] [ext: omni.kit.window.property-1.12.1] startup
[8.792s] [ext: omni.kit.window.content_browser-3.1.3] startup
[8.799s] [ext: isaacsim.core.version-2.0.6] startup
[8.799s] [ext: omni.kit.property.usd-4.5.12] startup
[8.805s] [ext: omni.kit.graph.editor.core-1.5.3] startup
[8.806s] [ext: omni.kit.material.library-2.0.7] startup
[8.809s] [ext: omni.kit.graph.usd.commands-1.3.1] startup
[8.809s] [ext: omni.kvdb-107.3.26] startup
[8.810s] [ext: omni.usdphysics-107.3.26] startup
[8.811s] [ext: omni.physx.foundation-107.3.26] startup
[8.812s] [ext: omni.localcache-107.3.26] startup
[8.813s] [ext: omni.convexdecomposition-107.3.26] startup
[8.815s] [ext: omni.physics-107.3.26] startup
[8.817s] [ext: omni.physx.cooking-107.3.26] startup
[8.818s] [ext: omni.physics.stageupdate-107.3.26] startup
[8.820s] [ext: omni.physx-107.3.26] startup
[8.826s] [ext: omni.index.libs-380600.8087.0] startup
[8.826s] [ext: omni.physics.physx-107.3.26] startup
2026-02-06T04:44:04Z [8,818ms] [Warning] [carb] Acquiring non optional plugin interface which is not listed as dependency: [omni::physx::IPhysxBenchmarks v1.0] (plugin: <default plugin>), by client: omni.physics.physx.plugin. Add it to CARB_PLUGIN_IMPL_DEPS() macro of a client.
[8.827s] [ext: omni.index-1.0.1] startup
[8.827s] [ext: omni.volume-0.5.2] startup
[8.829s] [ext: omni.ujitso.client-0.0.0] startup
[8.829s] [ext: omni.hydra.rtx.shadercache.vulkan-1.0.0] startup
[8.829s] [ext: omni.kit.widget.searchable_combobox-1.0.6] startup
[8.830s] [ext: omni.hydra.rtx-1.0.0] startup
2026-02-06T04:44:04Z [8,833ms] [Warning] [omni.log] Source: omni.hydra was already registered.
[8.851s] [ext: omni.kit.widget.settings-1.2.6] startup
[8.853s] [ext: omni.kit.hydra_texture-1.4.6] startup
[8.855s] [ext: omni.graph.tools-1.79.2] startup
[8.868s] [ext: omni.kit.window.preferences-1.8.0] startup
[8.871s] [ext: omni.kit.widget.material_preview-1.0.16] startup
[8.872s] [ext: omni.graph-1.141.2] startup
[8.897s] [ext: omni.kit.window.material_graph-1.9.1] startup
[8.902s] [ext: omni.isaac.dynamic_control-2.0.7] startup
2026-02-06T04:44:04Z [8,897ms] [Warning] [omni.isaac.dynamic_control] omni.isaac.dynamic_control is deprecated as of Isaac Sim 4.5. No action is needed from end-users.
[8.906s] [ext: isaacsim.storage.native-1.5.1] startup
[8.908s] [ext: omni.graph.scriptnode-1.50.0] startup
[8.909s] [ext: omni.hydra.engine.stats-1.0.3] startup
[8.912s] [ext: omni.kit.viewport.legacy_gizmos-1.0.19] startup
[8.914s] [ext: omni.kit.raycast.query-1.1.0] startup
[8.918s] [ext: omni.graph.action_core-1.1.7] startup
[8.920s] [ext: omni.kit.viewport.scene_camera_model-1.0.6] startup
[8.923s] [ext: omni.graph.image.core-0.6.1] startup
[8.924s] [ext: omni.kit.widget.viewport-107.1.3] startup
[8.930s] [ext: omni.kit.viewport.registry-104.0.6] startup
[8.930s] [ext: omni.usd.metrics.assembler-107.3.1] startup
[8.933s] [ext: omni.kit.viewport.window-107.2.0] startup
[8.944s] [ext: omni.kit.viewport.menubar.core-107.2.1] startup
[8.952s] [ext: omni.graph.image.nodes-1.3.1] startup
[8.952s] [ext: omni.usd.metrics.assembler.physics-107.3.26] startup
[8.953s] [ext: omni.warp.core-1.8.2] startup
[9.069s] [ext: omni.kit.viewport.utility-1.1.2] startup
[9.070s] [ext: omni.physics.tensors-107.3.26] startup
[9.074s] [ext: omni.syntheticdata-0.6.13] startup
[9.088s] [ext: isaacsim.test.docstring-1.1.0] startup
[9.093s] [ext: isaacsim.core.utils-3.5.1] startup
[9.096s] [ext: omni.physx.tensors-107.3.26] startup
[9.099s] [ext: omni.graph.nodes-1.170.10] startup
[9.108s] [ext: omni.graph.action_nodes-1.50.4] startup
[9.112s] [ext: omni.kit.primitive.mesh-1.0.17] startup
[9.119s] [ext: isaacsim.core.simulation_manager-1.4.4] startup
[10.013s] [ext: omni.graph.ui_nodes-1.50.5] startup
[10.016s] [ext: omni.graph.action-1.130.0] startup
[10.017s] [ext: omni.kit.stage_templates-2.0.0] startup
[10.020s] [ext: isaacsim.core.prims-0.6.1] startup
[10.037s] [ext: omni.warp-1.8.2] startup
[10.042s] [ext: omni.videoencoding-0.1.2] startup
[10.046s] [ext: isaacsim.core.api-4.8.0] startup
[10.082s] [ext: isaacsim.core.experimental.utils-0.3.0] startup
[10.090s] [ext: omni.replicator.core-1.12.27] startup
2026-02-06T04:44:05Z [10,095ms] [Warning] [pxr.Semantics] pxr.Semantics is deprecated - please use Semantics instead
2026-02-06T04:44:05Z [10,156ms] [Warning] [omni.graph.core.plugin] Found duplicate of category 'Replicator' - was 'Annotators', adding 'Fabric Reader'
2026-02-06T04:44:05Z [10,156ms] [Warning] [omni.graph.core.plugin] Category 'Replicator' not accepted on node type 'omni.replicator.core.FabricReader' in extension 'omni.replicator.core'
2026-02-06T04:44:05Z [10,156ms] [Warning] [omni.replicator.core.scripts.extension] No material configuration file, adding configuration to material settings directly.
[10.167s] [ext: isaacsim.core.experimental.prims-0.8.1] startup
[10.194s] [ext: omni.kit.window.extensions-1.4.27] startup
[10.203s] [ext: isaacsim.core.experimental.objects-0.4.0] startup
[10.206s] [ext: omni.ui_query-1.1.8] startup
[10.208s] [ext: omni.kit.manipulator.viewport-107.0.1] startup
[10.209s] [ext: isaacsim.robot.surface_gripper-3.3.1] startup
[10.212s] [ext: omni.kit.ui_test-1.3.7] startup
[10.215s] [ext: omni.graph.visualization.nodes-2.1.3] startup
[10.225s] [ext: isaacsim.robot_motion.lula-4.0.8] startup
[10.231s] [ext: isaacsim.core.nodes-3.4.3] startup
[10.238s] [ext: isaacsim.gui.components-1.2.1] startup
[10.251s] [ext: isaacsim.robot_motion.motion_generation-8.0.26] startup
[10.269s] [ext: isaacsim.robot.manipulators-3.3.6] startup
[10.286s] [ext: isaacsim.core.experimental.materials-0.4.0] startup
[10.295s] [ext: isaacsim.robot.manipulators.examples-1.1.2] startup
[10.297s] [ext: isaacsim.cortex.framework-1.0.12] startup
[10.303s] [ext: isaacsim.cortex.behaviors-2.0.14] startup
[10.307s] [ext: omni.isaac.cortex.sample_behaviors-2.0.5] startup
2026-02-06T04:44:05Z [10,302ms] [Warning] [omni.isaac.cortex] omni.isaac.cortex has been deprecated in favor of isaacsim.cortex.framework. Please update your code accordingly.
2026-02-06T04:44:05Z [10,303ms] [Warning] [omni.isaac.cortex.sample_behaviors] omni.isaac.cortex.sample_behaviors has been deprecated in favor of isaacsim.cortex.behaviors. Please update your code accordingly.
[10.311s] [ext: omni.kit.widget.zoombar-1.0.6] startup
[10.316s] [ext: isaacsim.gui.content_browser-0.1.11] startup
[10.319s] [ext: omni.kit.browser.core-2.3.13] startup
[10.324s] [ext: omni.kit.widget.stage_icons-1.0.8] startup
[10.325s] [ext: omni.kit.widget.prompt-1.0.7] startup
[10.327s] [ext: omni.kit.usd.collect-2.4.5] startup
[10.329s] [ext: omni.kit.browser.folder.core-1.10.9] startup
[10.335s] [ext: omni.kit.window.stage-2.6.1] startup
[10.344s] [ext: omni.kit.usdz_export-1.0.9] startup
[10.346s] [ext: omni.kit.tool.collect-2.2.18] startup
[10.349s] [ext: omni.kit.menu.stage-1.2.7] startup
[10.350s] [ext: omni.kit.tool.asset_importer-4.3.2] startup
[10.364s] [ext: isaacsim.robot.wheeled_robots-4.0.24] startup
[10.374s] [ext: isaacsim.examples.browser-0.2.1] startup
[10.378s] [ext: isaacsim.asset.importer.urdf-2.4.30] startup
[10.703s] [ext: omni.isaac.wheeled_robots-3.0.7] startup
2026-02-06T04:44:06Z [10,696ms] [Warning] [omni.isaac.wheeled_robots] omni.isaac.wheeled_robots has been deprecated in favor of isaacsim.robot.wheeled_robots. Please update your code accordingly.
2026-02-06T04:44:06Z [10,696ms] [Warning] [omni.isaac.wheeled_robots.controllers] omni.isaac.wheeled_robots has been deprecated in favor of isaacsim.robot.wheeled_robots. Please update your code accordingly.
2026-02-06T04:44:06Z [10,696ms] [Warning] [omni.isaac.wheeled_robots.controllers.ackermann_controller] omni.isaac.wheeled_robots has been deprecated in favor of isaacsim.robot.wheeled_robots. Please update your code accordingly.
2026-02-06T04:44:06Z [10,696ms] [Warning] [omni.isaac.wheeled_robots.controllers.differential_controller] omni.isaac.wheeled_robots has been deprecated in favor of isaacsim.robot.wheeled_robots. Please update your code accordingly.
2026-02-06T04:44:06Z [10,696ms] [Warning] [omni.isaac.wheeled_robots.controllers.holonomic_controller] omni.isaac.wheeled_robots has been deprecated in favor of isaacsim.robot.wheeled_robots. Please update your code accordingly.
2026-02-06T04:44:06Z [10,696ms] [Warning] [omni.isaac.wheeled_robots.controllers.quintic_path_planner] omni.isaac.wheeled_robots has been deprecated in favor of isaacsim.robot.wheeled_robots. Please update your code accordingly.
2026-02-06T04:44:06Z [10,696ms] [Warning] [omni.isaac.wheeled_robots.controllers.stanley_control] omni.isaac.wheeled_robots has been deprecated in favor of isaacsim.robot.wheeled_robots. Please update your code accordingly.
2026-02-06T04:44:06Z [10,696ms] [Warning] [omni.isaac.wheeled_robots.controllers.wheel_base_pose_controller] omni.isaac.wheeled_robots has been deprecated in favor of isaacsim.robot.wheeled_robots. Please update your code accordingly.
2026-02-06T04:44:06Z [10,696ms] [Warning] [omni.isaac.wheeled_robots.impl] omni.isaac.wheeled_robots has been deprecated in favor of isaacsim.robot.wheeled_robots. Please update your code accordingly.
2026-02-06T04:44:06Z [10,697ms] [Warning] [omni.isaac.wheeled_robots.robots] omni.isaac.wheeled_robots has been deprecated in favor of isaacsim.robot.wheeled_robots. Please update your code accordingly.
2026-02-06T04:44:06Z [10,697ms] [Warning] [omni.isaac.wheeled_robots.robots.holonomic_robot_usd_setup] omni.isaac.wheeled_robots has been deprecated in favor of isaacsim.robot.wheeled_robots. Please update your code accordingly.
2026-02-06T04:44:06Z [10,697ms] [Warning] [omni.isaac.wheeled_robots.robots.wheeled_robot] omni.isaac.wheeled_robots has been deprecated in favor of isaacsim.robot.wheeled_robots. Please update your code accordingly.
[10.706s] [ext: isaacsim.simulation_app-2.12.2] startup
[10.708s] [ext: omni.isaac.franka-1.0.7] startup
2026-02-06T04:44:06Z [10,700ms] [Warning] [omni.isaac.franka] omni.isaac.franka has been deprecated in favor of isaacsim.robot.manipulators.examples.franka. Please update your code accordingly.
2026-02-06T04:44:06Z [10,700ms] [Warning] [omni.isaac.franka.franka] omni.isaac.franka has been deprecated in favor of isaacsim.robot.manipulators.examples.franka. Please update your code accordingly.
2026-02-06T04:44:06Z [10,715ms] [Warning] [omni.isaac.franka.kinematics_solver] omni.isaac.franka has been deprecated in favor of isaacsim.robot.manipulators.examples.franka. Please update your code accordingly.
[10.724s] [ext: omni.isaac.kit-2.0.6] startup
2026-02-06T04:44:06Z [10,717ms] [Warning] [omni.isaac.kit] omni.isaac.kit has been deprecated in favor of isaacsim.simulation_app. Please update your code accordingly.
[10.726s] [ext: omni.kit.selection-0.1.6] startup
[10.729s] [ext: omni.isaac.lula-4.0.6] startup
2026-02-06T04:44:06Z [10,721ms] [Warning] [omni.isaac.lula] omni.isaac.lula has been deprecated in favor of isaacsim.robot_motion.lula. Please update your code accordingly.
[10.730s] [ext: isaacsim.robot_motion.lula_test_widget-1.0.12] startup
[10.732s] [ext: isaacsim.asset.browser-1.3.23] startup
[10.776s] [ext: omni.kit.viewport.actions-107.0.2] startup
[10.779s] [ext: isaacsim.gui.menu-2.4.4] startup
[10.783s] [ext: omni.isaac.manipulators-3.0.7] startup
2026-02-06T04:44:06Z [10,776ms] [Warning] [omni.isaac.manipulators] omni.isaac.manipulators has been deprecated in favor of isaacsim.robot.manipulators. Please update your code accordingly.
2026-02-06T04:44:06Z [10,776ms] [Warning] [omni.isaac.manipulators.controllers] omni.isaac.manipulators has been deprecated in favor of isaacsim.robot.manipulators. Please update your code accordingly.
2026-02-06T04:44:06Z [10,776ms] [Warning] [omni.isaac.manipulators.controllers.pick_place_controller] omni.isaac.manipulators has been deprecated in favor of isaacsim.robot.manipulators. Please update your code accordingly.
2026-02-06T04:44:06Z [10,776ms] [Warning] [omni.isaac.manipulators.controllers.stacking_controller] omni.isaac.manipulators has been deprecated in favor of isaacsim.robot.manipulators. Please update your code accordingly.
2026-02-06T04:44:06Z [10,776ms] [Warning] [omni.isaac.manipulators.grippers] omni.isaac.manipulators has been deprecated in favor of isaacsim.robot.manipulators. Please update your code accordingly.
2026-02-06T04:44:06Z [10,777ms] [Warning] [omni.isaac.manipulators.grippers.gripper] omni.isaac.manipulators has been deprecated in favor of isaacsim.robot.manipulators. Please update your code accordingly.
2026-02-06T04:44:06Z [10,777ms] [Warning] [omni.isaac.manipulators.grippers.parallel_gripper] omni.isaac.manipulators has been deprecated in favor of isaacsim.robot.manipulators. Please update your code accordingly.
2026-02-06T04:44:06Z [10,778ms] [Warning] [omni.isaac.manipulators.grippers.surface_gripper] omni.isaac.manipulators has been deprecated in favor of isaacsim.robot.manipulators. Please update your code accordingly.
2026-02-06T04:44:06Z [10,778ms] [Warning] [omni.isaac.manipulators.manipulators] omni.isaac.manipulators has been deprecated in favor of isaacsim.robot.manipulators. Please update your code accordingly.
2026-02-06T04:44:06Z [10,778ms] [Warning] [omni.isaac.manipulators.manipulators.single_manipulator] omni.isaac.manipulators has been deprecated in favor of isaacsim.robot.manipulators. Please update your code accordingly.
[10.787s] [ext: omni.isaac.lula_test_widget-1.0.6] startup
2026-02-06T04:44:06Z [10,780ms] [Warning] [omni.isaac.lula_test_widget] omni.isaac.lula_test_widget has been deprecated in favor of isaacsim.robot_motion.lula_test_widget. Please update your code accordingly.
[10.789s] [ext: omni.isaac.asset_browser-1.0.6] startup
2026-02-06T04:44:06Z [10,781ms] [Warning] [omni.isaac.asset_browser] omni.isaac.asset_browser has been deprecated in favor of isaacsim.asset.browser. Please update your code accordingly.
[10.790s] [ext: omni.kit.viewport.menubar.display-107.0.3] startup
[10.793s] [ext: omni.isaac.menu-1.0.6] startup
2026-02-06T04:44:06Z [10,785ms] [Warning] [omni.isaac.menu] omni.isaac.menu has been deprecated in favor of isaacsim.gui.menu. Please update your code accordingly.
[10.794s] [ext: omni.isaac.motion_generation-8.0.7] startup
2026-02-06T04:44:06Z [10,787ms] [Warning] [omni.isaac.motion_generation] omni.isaac.motion_generation has been deprecated in favor of isaacsim.robot_motion.motion_generation. Please update your code accordingly.
2026-02-06T04:44:06Z [10,787ms] [Warning] [omni.isaac.motion_generation.articulation_kinematics_solver] omni.isaac.motion_generation has been deprecated in favor of isaacsim.robot_motion.motion_generation. Please update your code accordingly.
2026-02-06T04:44:06Z [10,787ms] [Warning] [omni.isaac.motion_generation.articulation_motion_policy] omni.isaac.motion_generation has been deprecated in favor of isaacsim.robot_motion.motion_generation. Please update your code accordingly.
2026-02-06T04:44:06Z [10,787ms] [Warning] [omni.isaac.motion_generation.articulation_trajectory] omni.isaac.motion_generation has been deprecated in favor of isaacsim.robot_motion.motion_generation. Please update your code accordingly.
2026-02-06T04:44:06Z [10,788ms] [Warning] [omni.isaac.motion_generation.kinematics_interface] omni.isaac.motion_generation has been deprecated in favor of isaacsim.robot_motion.motion_generation. Please update your code accordingly.
2026-02-06T04:44:06Z [10,788ms] [Warning] [omni.isaac.motion_generation.lula] omni.isaac.motion_generation has been deprecated in favor of isaacsim.robot_motion.motion_generation. Please update your code accordingly.
2026-02-06T04:44:06Z [10,788ms] [Warning] [omni.isaac.motion_generation.lula.kinematics] omni.isaac.motion_generation has been deprecated in favor of isaacsim.robot_motion.motion_generation. Please update your code accordingly.
2026-02-06T04:44:06Z [10,788ms] [Warning] [omni.isaac.motion_generation.lula.motion_policies] omni.isaac.motion_generation has been deprecated in favor of isaacsim.robot_motion.motion_generation. Please update your code accordingly.
2026-02-06T04:44:06Z [10,788ms] [Warning] [omni.isaac.motion_generation.lula.path_planners] omni.isaac.motion_generation has been deprecated in favor of isaacsim.robot_motion.motion_generation. Please update your code accordingly.
2026-02-06T04:44:06Z [10,788ms] [Warning] [omni.isaac.motion_generation.lula.trajectory_generator] omni.isaac.motion_generation has been deprecated in favor of isaacsim.robot_motion.motion_generation. Please update your code accordingly.
2026-02-06T04:44:06Z [10,788ms] [Warning] [omni.isaac.motion_generation.motion_policy_controller] omni.isaac.motion_generation has been deprecated in favor of isaacsim.robot_motion.motion_generation. Please update your code accordingly.
2026-02-06T04:44:06Z [10,788ms] [Warning] [omni.isaac.motion_generation.motion_policy_interface] omni.isaac.motion_generation has been deprecated in favor of isaacsim.robot_motion.motion_generation. Please update your code accordingly.
2026-02-06T04:44:06Z [10,789ms] [Warning] [omni.isaac.motion_generation.path_planner_visualizer] omni.isaac.motion_generation has been deprecated in favor of isaacsim.robot_motion.motion_generation. Please update your code accordingly.
2026-02-06T04:44:06Z [10,789ms] [Warning] [omni.isaac.motion_generation.path_planning_interface] omni.isaac.motion_generation has been deprecated in favor of isaacsim.robot_motion.motion_generation. Please update your code accordingly.
2026-02-06T04:44:06Z [10,789ms] [Warning] [omni.isaac.motion_generation.trajectory] omni.isaac.motion_generation has been deprecated in favor of isaacsim.robot_motion.motion_generation. Please update your code accordingly.
2026-02-06T04:44:06Z [10,789ms] [Warning] [omni.isaac.motion_generation.world_interface] omni.isaac.motion_generation has been deprecated in favor of isaacsim.robot_motion.motion_generation. Please update your code accordingly.
[10.799s] [ext: omni.isaac.assets_check-0.3.13] startup
2026-02-06T04:44:06Z [10,792ms] [Warning] [omni.isaac.assets_check] omni.isaac.assets_check has been deprecated in favor of isaacsim.asset.browser. Please update your code accordingly.
[10.801s] [ext: isaacsim.gui.sensors.icon-2.0.3] startup
[10.810s] [ext: isaacsim.asset.importer.mjcf-2.5.13] startup
[10.813s] [ext: omni.sensors.nv.common-3.0.0] startup
[10.820s] [ext: isaacsim.sensors.physics-0.4.3] startup
[10.824s] [ext: omni.sensors.net-1.0.0] startup
[10.826s] [ext: omni.isaac.nucleus-1.0.6] startup
2026-02-06T04:44:06Z [10,818ms] [Warning] [omni.isaac.nucleus] omni.isaac.nucleus has been deprecated in favor of isaacsim.storage.native. Please update your code accordingly.
2026-02-06T04:44:06Z [10,818ms] [Warning] [omni.isaac.nucleus.nucleus] omni.isaac.nucleus.nucleus has been deprecated in favor of isaacsim.storage.native. Please update your code accordingly.
[10.827s] [ext: omni.sensors.nv.materials-2.0.0] startup
[10.830s] [ext: isaacsim.robot.policy.examples-4.1.11] startup
[10.832s] [ext: omni.sensors.nv.wpm-3.0.0] startup
[10.833s] [ext: omni.sensors.nv.lidar-3.0.0] startup
[10.846s] [ext: isaacsim.util.debug_draw-3.1.0] startup
[10.848s] [ext: omni.sensors.nv.radar-3.0.0] startup
[10.851s] [ext: omni.sensors.nv.ids-2.0.0] startup
[10.852s] [ext: isaacsim.core.cloner-1.4.10] startup
[10.853s] [ext: isaacsim.sensors.physx-2.3.2] startup
[10.856s] [ext: isaacsim.sensors.rtx-15.8.4] startup
[10.862s] [ext: isaacsim.sensors.camera-1.3.6] startup
[10.870s] [ext: omni.isaac.quadruped-3.0.7] startup
2026-02-06T04:44:06Z [10,863ms] [Warning] [omni.isaac.quadruped] omni.isaac.quadruped has been deprecated in favor of isaacsim.robot.policy.examples. Please update your code accordingly.
[10.872s] [ext: omni.isaac.cloner-1.0.7] startup
2026-02-06T04:44:06Z [10,865ms] [Warning] [omni.isaac.cloner] omni.isaac.cloner has been deprecated in favor of isaacsim.core.cloner. Please update your code accordingly.
[10.875s] [ext: omni.isaac.range_sensor-4.0.6] startup
2026-02-06T04:44:06Z [10,868ms] [Warning] [omni.isaac.range_sensor] omni.isaac.range_sensor has been deprecated in favor of isaacsim.sensors.physx. Please update your code accordingly.
2026-02-06T04:44:06Z [10,868ms] [Warning] [omni.isaac.range_sensor.commands] omni.isaac.range_sensor.commands has been deprecated in favor of isaacsim.sensors.physx.commands. Please update your code accordingly.
[10.877s] [ext: omni.isaac.sensor-13.0.7] startup
2026-02-06T04:44:06Z [10,869ms] [Warning] [omni.isaac.sensor] omni.isaac.sensor has been deprecated in favor of isaacsim.sensors.camera, isaacsim.sensors.physics, isaacsim.sensors.physx, and isaacsim.sensors.rtx. Please update your code accordingly.
2026-02-06T04:44:06Z [10,869ms] [Warning] [omni.isaac.sensor.camera] omni.isaac.sensor.camera has been deprecated in favor of isaacsim.sensors.camera.camera. Please update your code accordingly.
2026-02-06T04:44:06Z [10,869ms] [Warning] [omni.isaac.sensor.camera_view] omni.isaac.sensor.camera_view has been deprecated in favor of isaacsim.sensors.camera.camera_view. Please update your code accordingly.
2026-02-06T04:44:06Z [10,870ms] [Warning] [omni.isaac.sensor.commands] omni.isaac.sensor.commands has been deprecated in favor of isaacsim.sensors.physics.commands, isaacsim.sensors.physx.commands, and isaacsim.sensors.rtx.commands. Please update your code accordingly.
2026-02-06T04:44:06Z [10,870ms] [Warning] [omni.isaac.sensor.contact_sensor] omni.isaac.sensor.contact_sensor has been deprecated in favor of isaacsim.sensors.physics.contact_sensor. Please update your code accordingly.
2026-02-06T04:44:06Z [10,870ms] [Warning] [omni.isaac.sensor.imu_sensor] omni.isaac.sensor.imu_sensor has been deprecated in favor of isaacsim.sensors.physics.imu_sensor. Please update your code accordingly.
2026-02-06T04:44:06Z [10,870ms] [Warning] [omni.isaac.sensor.lidar_rtx] omni.isaac.sensor.lidar_rtx has been deprecated in favor of isaacsim.sensors.rtx.lidar_rtx. Please update your code accordingly.
2026-02-06T04:44:06Z [10,870ms] [Warning] [omni.isaac.sensor.rotating_lidar_physX] omni.isaac.sensor.imu_sensor has been deprecated in favor of isaacsim.sensors.physix.rotating_lidar_physX. Please update your code accordingly.
2026-02-06T04:44:06Z [10,871ms] [Warning] [omni.isaac.sensor.scripts.samples.contact_sensor] omni.isaac.sensor.scripts.samples.contact_sensor has been deprecated in favor of isaacsim.sensors.physics.scripts.samples.contact_sensor. Please update your code accordingly.
2026-02-06T04:44:06Z [10,871ms] [Warning] [omni.isaac.sensor.scripts.samples.imu_sensor] omni.isaac.sensor.scripts.samples.imu_sensor has been deprecated in favor of isaacsim.sensors.physics.scripts.samples.imu_sensor. Please update your code accordingly.
2026-02-06T04:44:06Z [10,871ms] [Warning] [omni.isaac.sensor.scripts.samples.lightbeam_sensor] omni.isaac.sensor.scripts.samples.lightbeam_sensor has been deprecated in favor of isaacsim.sensors.physx.scripts.samples.lightbeam_sensor. Please update your code accordingly.
[10.880s] [ext: omni.kit.menu.create-2.0.1] startup
[10.884s] [ext: omni.kit.widget.toolbar-2.0.1] startup
[10.895s] [ext: omni.kit.manipulator.transform-107.0.0] startup
[10.898s] [ext: omni.isaac.core-4.0.7] startup
2026-02-06T04:44:06Z [10,890ms] [Warning] [omni.isaac.core.physics_context.physics_context] omni.isaac.core.physics_context.physics_context has been deprecated in favor of isaacsim.core.api.physics_context.physics_context. Please update your code accordingly.
2026-02-06T04:44:06Z [10,890ms] [Warning] [omni.isaac.core.simulation_context.simulation_context] omni.isaac.core.simulation_context.simulation_context has been deprecated in favor of isaacsim.core.api.simulation_context.simulation_context. Please update your code accordingly.
2026-02-06T04:44:06Z [10,890ms] [Warning] [omni.isaac.core.world.world] omni.isaac.core.world.world has been deprecated in favor of isaacsim.core.api.world.world. Please update your code accordingly.
2026-02-06T04:44:06Z [10,890ms] [Warning] [omni.isaac.core] omni.isaac.core has been deprecated in favor of isaacsim.core.api. Please update your code accordingly.
[10.899s] [ext: omni.kit.scripting-107.3.2] startup
[10.903s] [ext: omni.kit.manipulator.tool.snap-1.5.13] startup
[10.907s] [ext: omni.kit.manipulator.selector-1.1.3] startup
[10.908s] [ext: isaacsim.app.about-2.0.11] startup
[10.912s] [ext: isaacsim.replicator.behavior-1.1.16] startup
[10.913s] [ext: omni.kit.viewport.manipulator.transform-107.0.4] startup
[10.914s] [ext: omni.isaac.window.about-2.0.7] startup
2026-02-06T04:44:06Z [10,907ms] [Warning] [omni.isaac.window.about] omni.isaac.window.about has been deprecated in favor of isaacsim.app.about. Please update your code accordingly.
2026-02-06T04:44:06Z [10,907ms] [Warning] [omni.isaac.window.about.about] omni.isaac.window.about.about has been deprecated in favor of isaacsim.app.about.about. Please update your code accordingly.
[10.916s] [ext: omni.fabric.commands-1.1.6] startup
[10.918s] [ext: omni.kit.manipulator.prim.core-107.0.8] startup
[10.922s] [ext: omni.kit.property.audio-1.0.16] startup
[10.924s] [ext: omni.kit.property.camera-1.0.10] startup
[10.925s] [ext: omni.kit.property.geometry-2.0.4] startup
[10.927s] [ext: omni.hydra.scene_api-0.1.2] startup
[10.931s] [ext: omni.kit.property.light-1.0.12] startup
[10.938s] [ext: omni.kit.manipulator.prim.fabric-107.0.4] startup
[10.940s] [ext: omni.kit.manipulator.prim.usd-107.0.3] startup
[10.941s] [ext: omni.kit.property.material-1.11.9] startup
[10.945s] [ext: omni.kit.property.render-1.2.1] startup
[10.946s] [ext: omni.kit.property.transform-1.5.13] startup
[10.950s] [ext: isaacsim.gui.property-1.1.3] startup
[10.952s] [ext: omni.kit.manipulator.camera-106.0.4] startup
[10.956s] [ext: omni.kit.manipulator.prim-107.0.0] startup
[10.956s] [ext: omni.isaac.surface_gripper-2.0.6] startup
2026-02-06T04:44:06Z [10,947ms] [Warning] [omni.isaac.surface_gripper] omni.isaac.surface_gripper has been deprecated in favor of isaacsim.robot.surface_gripper. Please update your code accordingly.
[10.956s] [ext: omni.kit.manipulator.selection-106.0.1] startup
[10.959s] [ext: omni.kit.property.bundle-1.4.1] startup
[10.961s] [ext: omni.kit.property.isaac-1.0.6] startup
2026-02-06T04:44:06Z [10,953ms] [Warning] [omni.kit.property.isaac] omni.kit.property.isaac has been deprecated in favor of isaacsim.gui.property. Please update your code accordingly.
2026-02-06T04:44:06Z [10,953ms] [Warning] [omni.kit.property.isaac.widgets] omni.kit.property.isaac.widgets has been deprecated in favor of isaacsim.gui.property.widgets. Please update your code accordingly.
[10.962s] [ext: omni.isaac.universal_robots-1.0.6] startup
2026-02-06T04:44:06Z [10,954ms] [Warning] [omni.isaac.universal_robots] omni.isaac.universal_robots has been deprecated in favor of isaacsim.robot.manipulators.examples.universal_robots. Please update your code accordingly.
2026-02-06T04:44:06Z [10,954ms] [Warning] [omni.isaac.universal_robots.kinematics_solver] omni.isaac.franka has been deprecated in favor of isaacsim.robot.manipulators.examples.universal_robots. Please update your code accordingly.
2026-02-06T04:44:06Z [10,954ms] [Warning] [omni.isaac.universal_robots.ur10] omni.isaac.franka has been deprecated in favor of isaacsim.robot.manipulators.examples.universal_robots. Please update your code accordingly.
[10.963s] [ext: omni.isaac.core_nodes-2.0.6] startup
2026-02-06T04:44:06Z [10,957ms] [Warning] [omni.isaac.core_nodes] omni.isaac.core_nodes has been deprecated in favor of isaacsim.core.nodes. Please update your code accordingly.
[10.965s] [ext: omni.kit.viewport.menubar.camera-107.0.6] startup
[10.972s] [ext: omni.kit.viewport.menubar.lighting-107.3.1] startup
[10.974s] [ext: isaacsim.replicator.writers-1.0.17] startup
[10.983s] [ext: omni.kit.viewport.menubar.render-107.0.10] startup
[10.987s] [ext: omni.kit.viewport.menubar.settings-107.0.3] startup
[10.992s] [ext: omni.kit.window.console-1.1.4] startup
[10.996s] [ext: isaacsim.replicator.domain_randomization-1.0.16] startup
[10.998s] [ext: isaacsim.replicator.examples-1.3.6] startup
[10.999s] [ext: omni.ocio-0.1.1] startup
[11.002s] [ext: omni.rtx.window.settings-0.6.19] startup
[11.009s] [ext: omni.kit.window.status_bar-0.1.9] startup
[11.014s] [ext: omni.kit.window.toolbar-2.0.0] startup
[11.019s] [ext: omni.replicator.isaac-2.0.8] startup
2026-02-06T04:44:06Z [11,012ms] [Warning] [omni.replicator.isaac] omni.replicator.isaac has been deprecated in favor of isaacsim.replicator.domain_randomization, isaacsim.replicator.examples, isaacsim.replicator.writers. Please update your code accordingly.
[11.021s] [ext: omni.replicator.replicator_yaml-2.0.11] startup
[11.033s] [ext: omni.rtx.settings.core-0.6.5] startup
[11.037s] [ext: omni.usd.metrics.assembler.ui-107.3.1] startup
[11.044s] [ext: omni.isaac.utils-2.0.6] startup
[11.045s] [ext: semantics.schema.editor-2.0.2] startup
[11.049s] [ext: omni.kit.ui.actions-1.0.5] startup
[11.050s] [ext: semantics.schema.property-2.0.1] startup
[11.051s] [ext: omni.isaac.version-2.0.7] startup
2026-02-06T04:44:06Z [11,043ms] [Warning] [omni.isaac.version] omni.isaac.version has been deprecated in favor of isaacsim.core.version. Please update your code accordingly.
[11.052s] [ext: omni.isaac.cortex-1.0.5] startup
[11.053s] [ext: omni.anim.curve.core-1.3.1] startup
[11.059s] [ext: isaacsim.core.throttling-2.2.2] startup
[11.061s] [ext: omni.kit.menu.common-2.0.1] startup
[11.063s] [ext: isaacsim.exp.base-5.1.0] startup
[11.063s] [ext: isaacsim.exp.base.python-5.1.0] startup
[11.064s] Simulation App Starting
2026-02-06T04:44:06Z [11,290ms] [Warning] [omni.fabric.plugin] Warning: attribute viewportHandle not found for bucket id 9

[11.377s] app ready
Starting kit application with the following args:  ['/home/cvr/anaconda3/envs/lab/lib/python3.11/site-packages/isaacsim/exts/isaacsim.simulation_app/isaacsim/simulation_app/simulation_app.py', '/home/cvr/anaconda3/envs/lab/lib/python3.11/site-packages/isaacsim/apps/isaacsim.exp.base.python.kit', '--/app/tokens/exe-path=/home/cvr/anaconda3/envs/lab/lib/python3.11/site-packages/isaacsim/kit', '--/persistent/app/viewport/displayOptions=3094', '--/rtx/materialDb/syncLoads=True', '--/rtx/hydra/materialSyncLoads=True', '--/omni.kit.plugin/syncUsdLoads=True', '--/app/renderer/resolution/width=1280', '--/app/renderer/resolution/height=720', '--/app/window/width=1440', '--/app/window/height=900', '--/renderer/multiGpu/enabled=True', '--/app/fastShutdown=True', '--/app/installSignalHandlers=0', '--ext-folder', '/home/cvr/anaconda3/envs/lab/lib/python3.11/site-packages/isaacsim/exts', '--ext-folder', '/home/cvr/anaconda3/envs/lab/lib/python3.11/site-packages/isaacsim/apps', '--/physics/cudaDevice=0', '--/plugins/carb.tasking.plugin/threadCount=24', '--/plugins/omni.tbb.globalcontrol/maxThreadCount=24', '--portable']
Passing the following args to the base kit application:  []
Warp 1.8.2 initialized:
   CUDA Toolkit 12.8, Driver 13.0
   Devices:
     "cpu"      : "x86_64"
     "cuda:0"   : "NVIDIA GeForce RTX 4090" (24 GiB, sm_89, mempool enabled)
   Kernel cache:
     /home/cvr/.cache/warp/1.8.2
Warp DeprecationWarning: The `warp.sim` module is deprecated and will be removed in v1.10. Please transition to using the forthcoming Newton library instead.
Loading Go2 from: https://omniverse-content-production.s3-us-west-2.amazonaws.com/Assets/Isaac/5.1/Isaac/IsaacLab/Robots/Unitree/Go2/go2.usd
[13.502s] Simulation App Startup Complete
2026-02-06T04:44:08Z [13,493ms] [Warning] [omni.isaac.core.objects.capsule] omni.isaac.core.objects.capsule has been deprecated in favor of isaacsim.core.api.objects.capsule. Please update your code accordingly.
2026-02-06T04:44:08Z [13,493ms] [Warning] [omni.isaac.core.objects.cone] omni.isaac.core.objects.cone has been deprecated in favor of isaacsim.core.api.objects.cone. Please update your code accordingly.
2026-02-06T04:44:08Z [13,493ms] [Warning] [omni.isaac.core.objects.cuboid] omni.isaac.core.objects.cuboid has been deprecated in favor of isaacsim.core.api.objects.cuboid. Please update your code accordingly.
2026-02-06T04:44:08Z [13,494ms] [Warning] [omni.isaac.core.objects.cylinder] omni.isaac.core.objects.cylinder has been deprecated in favor of isaacsim.core.api.objects.cylinder. Please update your code accordingly.
2026-02-06T04:44:08Z [13,494ms] [Warning] [omni.isaac.core.objects.ground_plane] omni.isaac.core.objects.ground_plane has been deprecated in favor of isaacsim.core.api.objects.ground_plane. Please update your code accordingly.
2026-02-06T04:44:08Z [13,494ms] [Warning] [omni.isaac.core.objects.sphere] omni.isaac.core.objects.sphere has been deprecated in favor of isaacsim.core.api.objects.sphere. Please update your code accordingly.
2026-02-06T04:44:08Z [13,494ms] [Warning] [omni.isaac.core.robots.robot] omni.isaac.core.robots.robot has been deprecated in favor of isaacsim.core.api.robots.robot. Please update your code accordingly.
2026-02-06T04:44:08Z [13,494ms] [Warning] [omni.isaac.core.robots.robot_view] omni.isaac.core.robots.robot_view has been deprecated in favor of isaacsim.core.api.robots.robot_view. Please update your code accordingly.
2026-02-06T04:44:09Z [14,573ms] [Error] [omni.kit.app._impl] [py stderr]: Traceback (most recent call last):
2026-02-06T04:44:09Z [14,573ms] [Error] [omni.kit.app._impl] [py stderr]:   File "/home/cvr/Desktop/sj/isaac-project/scripts/go2_sim.py", line 147, in <module>
2026-02-06T04:44:09Z [14,573ms] [Error] [omni.kit.app._impl] [py stderr]:     sim = Go2Sim()
2026-02-06T04:44:09Z [14,573ms] [Error] [omni.kit.app._impl] [py stderr]:           ^^^^^^^^
2026-02-06T04:44:09Z [14,573ms] [Error] [omni.kit.app._impl] [py stderr]:   File "/home/cvr/Desktop/sj/isaac-project/scripts/go2_sim.py", line 25, in __init__
2026-02-06T04:44:09Z [14,573ms] [Error] [omni.kit.app._impl] [py stderr]:     self._robot = self._add_robot()
2026-02-06T04:44:09Z [14,573ms] [Error] [omni.kit.app._impl] [py stderr]:                   ^^^^^^^^^^^^^^^^^
2026-02-06T04:44:09Z [14,573ms] [Error] [omni.kit.app._impl] [py stderr]:   File "/home/cvr/Desktop/sj/isaac-project/scripts/go2_sim.py", line 67, in _add_robot
2026-02-06T04:44:09Z [14,573ms] [Error] [omni.kit.app._impl] [py stderr]:     robot = Robot(
2026-02-06T04:44:09Z [14,573ms] [Error] [omni.kit.app._impl] [py stderr]:             ^^^^^^
2026-02-06T04:44:09Z [14,573ms] [Error] [omni.kit.app._impl] [py stderr]: TypeError: Robot.__init__() got an unexpected keyword argument 'usd_path'
2026-02-06T04:44:10Z [14,825ms] [Warning] [omni.graph.core.plugin] Could not find category 'Replicator:Annotators' for removal
2026-02-06T04:44:10Z [14,825ms] [Warning] [omni.graph.core.plugin] Could not find category 'Replicator:Annotators' for removal
2026-02-06T04:44:10Z [14,825ms] [Warning] [omni.graph.core.plugin] Could not find category 'Replicator' for removal
2026-02-06T04:44:10Z [14,825ms] [Warning] [omni.graph.core.plugin] Could not find category 'Replicator:Annotators' for removal
2026-02-06T04:44:10Z [14,825ms] [Warning] [omni.graph.core.plugin] Could not find category 'Replicator:Annotators' for removal
2026-02-06T04:44:10Z [14,825ms] [Warning] [omni.graph.core.plugin] Could not find category 'Replicator:Annotators' for removal
2026-02-06T04:44:10Z [14,825ms] [Warning] [omni.graph.core.plugin] Could not find category 'Replicator:Annotators' for removal
2026-02-06T04:44:10Z [14,825ms] [Warning] [omni.graph.core.plugin] Could not find category 'Replicator:Annotators' for removal
2026-02-06T04:44:10Z [14,825ms] [Warning] [omni.graph.core.plugin] Could not find category 'Replicator:Annotators' for removal
2026-02-06T04:44:10Z [14,825ms] [Warning] [omni.graph.core.plugin] Could not find category 'Replicator:Annotators' for removal
2026-02-06T04:44:10Z [14,825ms] [Warning] [omni.graph.core.plugin] Could not find category 'Replicator:Annotators' for removal
2026-02-06T04:44:10Z [14,825ms] [Warning] [omni.graph.core.plugin] Could not find category 'Replicator:Annotators' for removal
2026-02-06T04:44:10Z [14,825ms] [Warning] [omni.graph.core.plugin] Could not find category 'Replicator:Annotators' for removal
2026-02-06T04:44:10Z [14,825ms] [Warning] [omni.graph.core.plugin] Could not find category 'Replicator:Core' for removal
2026-02-06T04:44:10Z [14,827ms] [Warning] [omni.graph.core.plugin] Could not find category 'animation' for removal
2026-02-06T04:44:10Z [14,828ms] [Warning] [omni.physx.plugin] USD stage detach not called, holding a loose ptr to a stage!
2026-02-06T04:44:10Z [14,831ms] [Warning] [omni.fabric.plugin] gFabricState->gUsdStageToSimStageWithHistoryMap had 1 outstanding SimStageWithHistory(s) at shutdown
2026-02-06T04:44:10Z [14,833ms] [Warning] [carb.audio.context] 1 contexts were leaked
2026-02-06T04:44:10Z [14,860ms] [Warning] [carb] Recursive unloadAllPlugins() detected!
